This file contains any messages produced by compilers while
running configure, to aid debugging if configure makes a mistake.

It was created by CODEC configure 1.0.0, which was
generated by GNU Autoconf 2.69.  Invocation command line was

  $ ./configure --prefix=/mnt/d/LinuxProject/CODEC/Release --host=arm-linux-gnueabi CFLAGS=-O2 CXXFLAGS=-O2 LDFLAGS=-L/mnt/d/LinuxProject/CODEC/third_party/lib LIBS=-lpthread --enable-static --enable-shared

## --------- ##
## Platform. ##
## --------- ##

hostname = DESKTOP-D4721LU
uname -m = x86_64
uname -r = 4.4.0-17763-Microsoft
uname -s = Linux
uname -v = #55-Microsoft Sat Oct 06 18:05:00 PST 2018

/usr/bin/uname -p = unknown
/bin/uname -X     = unknown

/bin/arch              = unknown
/usr/bin/arch -k       = unknown
/usr/convex/getsysinfo = unknown
/usr/bin/hostinfo      = unknown
/bin/machine           = unknown
/usr/bin/oslevel       = unknown
/bin/universe          = unknown

PATH: /opt/fuhan/toolchain/arm-fullhan-linux-uclibcgnueabi/bin
PATH: /opt/arm-toolchain/bin
PATH: /arm-toolchain/ext-toolchain/bin
PATH: /usr/local/sbin
PATH: /usr/local/bin
PATH: /usr/sbin
PATH: /usr/bin
PATH: /sbin
PATH: /bin
PATH: /usr/games
PATH: /usr/local/games
PATH: /mnt/d/cmder/vendor/conemu-maximus5/ConEmu/wsl
PATH: /mnt/d/cmder/vendor/conemu-maximus5/ConEmu/Scripts
PATH: /mnt/d/cmder/vendor/conemu-maximus5
PATH: /mnt/d/cmder/vendor/conemu-maximus5/ConEmu
PATH: /mnt/c/Windows/System32
PATH: /mnt/c/Windows
PATH: /mnt/c/Windows/System32/wbem
PATH: /mnt/c/Windows/System32/WindowsPowerShell/v1.0
PATH: /mnt/c/Windows/System32/OpenSSH
PATH: /mnt/d/cmder
PATH: /mnt/c/Program Files/Microsoft SQL Server/130/Tools/Binn
PATH: /mnt/e/Program Files/CMake/bin
PATH: /mnt/c/Program Files (x86)/Windows Kits/8.1/Windows Performance Toolkit
PATH: /mnt/c/Users/admin/AppData/Local/Microsoft/WindowsApps
PATH: /mnt/e/Program Files (x86)/Microsoft VS Code/bin
PATH: /snap/bin


## ----------- ##
## Core tests. ##
## ----------- ##

configure:2500: checking build system type
configure:2514: result: x86_64-pc-linux-gnu
configure:2534: checking host system type
configure:2547: result: arm-unknown-linux-gnueabi
configure:2567: checking target system type
configure:2580: result: arm-unknown-linux-gnueabi
configure:2624: checking for a BSD-compatible install
configure:2692: result: /usr/bin/install -c
configure:2703: checking whether build environment is sane
configure:2758: result: yes
configure:2817: checking for arm-linux-gnueabi-strip
configure:2833: found /arm-toolchain/ext-toolchain/bin/arm-linux-gnueabi-strip
configure:2844: result: arm-linux-gnueabi-strip
configure:2909: checking for a thread-safe mkdir -p
configure:2948: result: /bin/mkdir -p
configure:2955: checking for gawk
configure:2971: found /usr/bin/gawk
configure:2982: result: gawk
configure:2993: checking whether make sets $(MAKE)
configure:3015: result: yes
configure:3044: checking whether make supports nested variables
configure:3061: result: yes
configure:3236: checking how to print strings
configure:3263: result: printf
configure:3296: checking for style of include used by make
configure:3324: result: GNU
configure:3355: checking for arm-linux-gnueabi-gcc
configure:3371: found /arm-toolchain/ext-toolchain/bin/arm-linux-gnueabi-gcc
configure:3382: result: arm-linux-gnueabi-gcc
configure:3651: checking for C compiler version
configure:3660: arm-linux-gnueabi-gcc --version >&5
arm-linux-gnueabi-gcc (Linaro GCC 5.3-2016.05) 5.3.1 20160412
Copyright (C) 2015 Free Software Foundation, Inc.
This is free software; see the source for copying conditions.  There is NO
warranty; not even for MERCHANTABILITY or FITNESS FOR A PARTICULAR PURPOSE.

configure:3671: $? = 0
configure:3660: arm-linux-gnueabi-gcc -v >&5
Using built-in specs.
COLLECT_GCC=arm-linux-gnueabi-gcc
COLLECT_LTO_WRAPPER=/arm-toolchain/ext-toolchain/bin/../libexec/gcc/arm-linux-gnueabi/5.3.1/lto-wrapper
Target: arm-linux-gnueabi
Configured with: /home/tcwg-buildslave/workspace/tcwg-make-release/label/docker-trusty-amd64-tcwg/target/arm-linux-gnueabi/snapshots/gcc-linaro-5.3-2016.05/configure SHELL=/bin/bash --with-mpc=/home/tcwg-buildslave/workspace/tcwg-make-release/label/docker-trusty-amd64-tcwg/target/arm-linux-gnueabi/_build/builds/destdir/x86_64-unknown-linux-gnu --with-mpfr=/home/tcwg-buildslave/workspace/tcwg-make-release/label/docker-trusty-amd64-tcwg/target/arm-linux-gnueabi/_build/builds/destdir/x86_64-unknown-linux-gnu --with-gmp=/home/tcwg-buildslave/workspace/tcwg-make-release/label/docker-trusty-amd64-tcwg/target/arm-linux-gnueabi/_build/builds/destdir/x86_64-unknown-linux-gnu --with-gnu-as --with-gnu-ld --disable-libstdcxx-pch --disable-libmudflap --with-cloog=no --with-ppl=no --with-isl=no --disable-nls --enable-c99 --with-tune=cortex-a9 --with-arch=armv7-a --with-fpu=vfpv3-d16 --with-float=softfp --with-mode=thumb --disable-multilib --enable-multiarch --with-build-sysroot=/home/tcwg-buildslave/workspace/tcwg-make-release/label/docker-trusty-amd64-tcwg/target/arm-linux-gnueabi/_build/sysroots/arm-linux-gnueabi --enable-lto --enable-linker-build-id --enable-long-long --enable-shared --with-sysroot=/home/tcwg-buildslave/workspace/tcwg-make-release/label/docker-trusty-amd64-tcwg/target/arm-linux-gnueabi/_build/builds/destdir/x86_64-unknown-linux-gnu/arm-linux-gnueabi/libc --enable-languages=c,c++,fortran,lto --enable-checking=release --disable-bootstrap --build=x86_64-unknown-linux-gnu --host=x86_64-unknown-linux-gnu --target=arm-linux-gnueabi --prefix=/home/tcwg-buildslave/workspace/tcwg-make-release/label/docker-trusty-amd64-tcwg/target/arm-linux-gnueabi/_build/builds/destdir/x86_64-unknown-linux-gnu
Thread model: posix
gcc version 5.3.1 20160412 (Linaro GCC 5.3-2016.05) 
configure:3671: $? = 0
configure:3660: arm-linux-gnueabi-gcc -V >&5
arm-linux-gnueabi-gcc: error: unrecognized command line option '-V'
arm-linux-gnueabi-gcc: fatal error: no input files
compilation terminated.
configure:3671: $? = 1
configure:3660: arm-linux-gnueabi-gcc -qversion >&5
arm-linux-gnueabi-gcc: error: unrecognized command line option '-qversion'
arm-linux-gnueabi-gcc: fatal error: no input files
compilation terminated.
configure:3671: $? = 1
configure:3691: checking whether the C compiler works
configure:3713: arm-linux-gnueabi-gcc -O2  -L/mnt/d/LinuxProject/CODEC/third_party/lib conftest.c -lpthread >&5
configure:3717: $? = 0
configure:3765: result: yes
configure:3768: checking for C compiler default output file name
configure:3770: result: a.out
configure:3776: checking for suffix of executables
configure:3783: arm-linux-gnueabi-gcc -o conftest -O2  -L/mnt/d/LinuxProject/CODEC/third_party/lib conftest.c -lpthread >&5
configure:3787: $? = 0
configure:3809: result: 
configure:3831: checking whether we are cross compiling
configure:3839: arm-linux-gnueabi-gcc -o conftest -O2  -L/mnt/d/LinuxProject/CODEC/third_party/lib conftest.c -lpthread >&5
configure:3843: $? = 0
configure:3850: ./conftest
./configure: line 3852: ./conftest: cannot execute binary file: Exec format error
configure:3854: $? = 126
configure:3869: result: yes
configure:3874: checking for suffix of object files
configure:3896: arm-linux-gnueabi-gcc -c -O2  conftest.c >&5
configure:3900: $? = 0
configure:3921: result: o
configure:3925: checking whether we are using the GNU C compiler
configure:3944: arm-linux-gnueabi-gcc -c -O2  conftest.c >&5
configure:3944: $? = 0
configure:3953: result: yes
configure:3962: checking whether arm-linux-gnueabi-gcc accepts -g
configure:3982: arm-linux-gnueabi-gcc -c -g  conftest.c >&5
configure:3982: $? = 0
configure:4023: result: yes
configure:4040: checking for arm-linux-gnueabi-gcc option to accept ISO C89
configure:4103: arm-linux-gnueabi-gcc  -c -O2  conftest.c >&5
configure:4103: $? = 0
configure:4116: result: none needed
configure:4141: checking whether arm-linux-gnueabi-gcc understands -c and -o together
configure:4163: arm-linux-gnueabi-gcc -c conftest.c -o conftest2.o
configure:4166: $? = 0
configure:4163: arm-linux-gnueabi-gcc -c conftest.c -o conftest2.o
configure:4166: $? = 0
configure:4178: result: yes
configure:4197: checking dependency style of arm-linux-gnueabi-gcc
configure:4308: result: gcc3
configure:4323: checking for a sed that does not truncate output
configure:4387: result: /bin/sed
configure:4405: checking for grep that handles long lines and -e
configure:4463: result: /bin/grep
configure:4468: checking for egrep
configure:4530: result: /bin/grep -E
configure:4535: checking for fgrep
configure:4597: result: /bin/grep -F
configure:4632: checking for ld used by arm-linux-gnueabi-gcc
configure:4699: result: /arm-toolchain/ext-toolchain/arm-linux-gnueabi/bin/ld
configure:4706: checking if the linker (/arm-toolchain/ext-toolchain/arm-linux-gnueabi/bin/ld) is GNU ld
configure:4721: result: yes
configure:4733: checking for BSD- or MS-compatible name lister (nm)
configure:4787: result: /arm-toolchain/ext-toolchain/bin/arm-linux-gnueabi-nm -B
configure:4917: checking the name lister (/arm-toolchain/ext-toolchain/bin/arm-linux-gnueabi-nm -B) interface
configure:4924: arm-linux-gnueabi-gcc -c -O2  conftest.c >&5
configure:4927: /arm-toolchain/ext-toolchain/bin/arm-linux-gnueabi-nm -B "conftest.o"
configure:4930: output
00000000 B some_variable
configure:4937: result: BSD nm
configure:4940: checking whether ln -s works
configure:4944: result: yes
configure:4952: checking the maximum length of command line arguments
configure:5083: result: 1572864
configure:5131: checking how to convert x86_64-pc-linux-gnu file names to arm-unknown-linux-gnueabi format
configure:5171: result: func_convert_file_noop
configure:5178: checking how to convert x86_64-pc-linux-gnu file names to toolchain format
configure:5198: result: func_convert_file_noop
configure:5205: checking for /arm-toolchain/ext-toolchain/arm-linux-gnueabi/bin/ld option to reload object files
configure:5212: result: -r
configure:5246: checking for arm-linux-gnueabi-objdump
configure:5262: found /arm-toolchain/ext-toolchain/bin/arm-linux-gnueabi-objdump
configure:5273: result: arm-linux-gnueabi-objdump
configure:5345: checking how to recognize dependent libraries
configure:5545: result: pass_all
configure:5590: checking for arm-linux-gnueabi-dlltool
configure:5620: result: no
configure:5630: checking for dlltool
configure:5660: result: no
configure:5690: checking how to associate runtime and link libraries
configure:5717: result: printf %s\n
configure:5734: checking for arm-linux-gnueabi-ar
configure:5750: found /arm-toolchain/ext-toolchain/bin/arm-linux-gnueabi-ar
configure:5761: result: arm-linux-gnueabi-ar
configure:5842: checking for archiver @FILE support
configure:5859: arm-linux-gnueabi-gcc -c -O2  conftest.c >&5
configure:5859: $? = 0
configure:5862: arm-linux-gnueabi-ar cru libconftest.a @conftest.lst >&5
configure:5865: $? = 0
configure:5870: arm-linux-gnueabi-ar cru libconftest.a @conftest.lst >&5
arm-linux-gnueabi-ar: conftest.o: No such file or directory
configure:5873: $? = 1
configure:5885: result: @
configure:5903: checking for arm-linux-gnueabi-strip
configure:5930: result: arm-linux-gnueabi-strip
configure:6002: checking for arm-linux-gnueabi-ranlib
configure:6018: found /arm-toolchain/ext-toolchain/bin/arm-linux-gnueabi-ranlib
configure:6029: result: arm-linux-gnueabi-ranlib
configure:6171: checking command to parse /arm-toolchain/ext-toolchain/bin/arm-linux-gnueabi-nm -B output from arm-linux-gnueabi-gcc object
configure:6324: arm-linux-gnueabi-gcc -c -O2  conftest.c >&5
configure:6327: $? = 0
configure:6331: /arm-toolchain/ext-toolchain/bin/arm-linux-gnueabi-nm -B conftest.o \| sed -n -e 's/^.*[ ]\([ABCDGIRSTW][ABCDGIRSTW]*\)[ ][ ]*\([_A-Za-z][_A-Za-z0-9]*\)$/\1 \2 \2/p' | sed '/ __gnu_lto/d' \> conftest.nm
configure:6334: $? = 0
configure:6400: arm-linux-gnueabi-gcc -o conftest -O2  -L/mnt/d/LinuxProject/CODEC/third_party/lib conftest.c conftstm.o >&5
configure:6403: $? = 0
configure:6441: result: ok
configure:6488: checking for sysroot
configure:6518: result: no
configure:6525: checking for a working dd
configure:6563: result: /bin/dd
configure:6567: checking how to truncate binary pipes
configure:6582: result: /bin/dd bs=4096 count=1
configure:6871: checking for arm-linux-gnueabi-mt
configure:6901: result: no
configure:6911: checking for mt
configure:6927: found /bin/mt
configure:6938: result: mt
configure:6950: WARNING: using cross tools not prefixed with host triplet
configure:6961: checking if mt is a manifest tool
configure:6967: mt '-?'
configure:6975: result: no
configure:7652: checking how to run the C preprocessor
configure:7683: arm-linux-gnueabi-gcc -E  conftest.c
configure:7683: $? = 0
configure:7697: arm-linux-gnueabi-gcc -E  conftest.c
conftest.c:11:28: fatal error: ac_nonexistent.h: No such file or directory
compilation terminated.
configure:7697: $? = 1
configure: failed program was:
| /* confdefs.h */
| #define PACKAGE_NAME "CODEC"
| #define PACKAGE_TARNAME "codec"
| #define PACKAGE_VERSION "1.0.0"
| #define PACKAGE_STRING "CODEC 1.0.0"
| #define PACKAGE_BUGREPORT "liuzhengzhong@d-power.com.cn"
| #define PACKAGE_URL ""
| #define PACKAGE "codec"
| #define VERSION "1.0.0"
| /* end confdefs.h.  */
| #include <ac_nonexistent.h>
configure:7722: result: arm-linux-gnueabi-gcc -E
configure:7742: arm-linux-gnueabi-gcc -E  conftest.c
configure:7742: $? = 0
configure:7756: arm-linux-gnueabi-gcc -E  conftest.c
conftest.c:11:28: fatal error: ac_nonexistent.h: No such file or directory
compilation terminated.
configure:7756: $? = 1
configure: failed program was:
| /* confdefs.h */
| #define PACKAGE_NAME "CODEC"
| #define PACKAGE_TARNAME "codec"
| #define PACKAGE_VERSION "1.0.0"
| #define PACKAGE_STRING "CODEC 1.0.0"
| #define PACKAGE_BUGREPORT "liuzhengzhong@d-power.com.cn"
| #define PACKAGE_URL ""
| #define PACKAGE "codec"
| #define VERSION "1.0.0"
| /* end confdefs.h.  */
| #include <ac_nonexistent.h>
configure:7785: checking for ANSI C header files
configure:7805: arm-linux-gnueabi-gcc -c -O2  conftest.c >&5
configure:7805: $? = 0
configure:7889: result: yes
configure:7902: checking for sys/types.h
configure:7902: arm-linux-gnueabi-gcc -c -O2  conftest.c >&5
configure:7902: $? = 0
configure:7902: result: yes
configure:7902: checking for sys/stat.h
configure:7902: arm-linux-gnueabi-gcc -c -O2  conftest.c >&5
configure:7902: $? = 0
configure:7902: result: yes
configure:7902: checking for stdlib.h
configure:7902: arm-linux-gnueabi-gcc -c -O2  conftest.c >&5
configure:7902: $? = 0
configure:7902: result: yes
configure:7902: checking for string.h
configure:7902: arm-linux-gnueabi-gcc -c -O2  conftest.c >&5
configure:7902: $? = 0
configure:7902: result: yes
configure:7902: checking for memory.h
configure:7902: arm-linux-gnueabi-gcc -c -O2  conftest.c >&5
configure:7902: $? = 0
configure:7902: result: yes
configure:7902: checking for strings.h
configure:7902: arm-linux-gnueabi-gcc -c -O2  conftest.c >&5
configure:7902: $? = 0
configure:7902: result: yes
configure:7902: checking for inttypes.h
configure:7902: arm-linux-gnueabi-gcc -c -O2  conftest.c >&5
configure:7902: $? = 0
configure:7902: result: yes
configure:7902: checking for stdint.h
configure:7902: arm-linux-gnueabi-gcc -c -O2  conftest.c >&5
configure:7902: $? = 0
configure:7902: result: yes
configure:7902: checking for unistd.h
configure:7902: arm-linux-gnueabi-gcc -c -O2  conftest.c >&5
configure:7902: $? = 0
configure:7902: result: yes
configure:7916: checking for dlfcn.h
configure:7916: arm-linux-gnueabi-gcc -c -O2  conftest.c >&5
configure:7916: $? = 0
configure:7916: result: yes
configure:8172: checking for objdir
configure:8187: result: .libs
configure:8447: checking if arm-linux-gnueabi-gcc supports -fno-rtti -fno-exceptions
configure:8465: arm-linux-gnueabi-gcc -c -O2  -fno-rtti -fno-exceptions conftest.c >&5
cc1: warning: command line option '-fno-rtti' is valid for C++/ObjC++ but not for C
configure:8469: $? = 0
configure:8482: result: no
configure:8840: checking for arm-linux-gnueabi-gcc option to produce PIC
configure:8847: result: -fPIC -DPIC
configure:8855: checking if arm-linux-gnueabi-gcc PIC flag -fPIC -DPIC works
configure:8873: arm-linux-gnueabi-gcc -c -O2  -fPIC -DPIC -DPIC conftest.c >&5
configure:8877: $? = 0
configure:8890: result: yes
configure:8919: checking if arm-linux-gnueabi-gcc static flag -static works
configure:8947: result: yes
configure:8962: checking if arm-linux-gnueabi-gcc supports -c -o file.o
configure:8983: arm-linux-gnueabi-gcc -c -O2  -o out/conftest2.o conftest.c >&5
configure:8987: $? = 0
configure:9009: result: yes
configure:9017: checking if arm-linux-gnueabi-gcc supports -c -o file.o
configure:9064: result: yes
configure:9097: checking whether the arm-linux-gnueabi-gcc linker (/arm-toolchain/ext-toolchain/arm-linux-gnueabi/bin/ld) supports shared libraries
configure:10360: result: yes
configure:10397: checking whether -lc should be explicitly linked in
configure:10405: arm-linux-gnueabi-gcc -c -O2  conftest.c >&5
configure:10408: $? = 0
configure:10423: arm-linux-gnueabi-gcc -shared  -fPIC -DPIC conftest.o  -v -Wl,-soname -Wl,conftest -o conftest 2\>\&1 \| /bin/grep  -lc  \>/dev/null 2\>\&1
configure:10426: $? = 0
configure:10440: result: no
configure:10600: checking dynamic linker characteristics
configure:11181: arm-linux-gnueabi-gcc -o conftest -O2  -L/mnt/d/LinuxProject/CODEC/third_party/lib -Wl,-rpath -Wl,/foo conftest.c -lpthread >&5
configure:11181: $? = 0
configure:11430: result: GNU/Linux ld.so
configure:11552: checking how to hardcode library paths into programs
configure:11577: result: immediate
configure:12125: checking whether stripping libraries is possible
configure:12130: result: yes
configure:12165: checking if libtool supports shared libraries
configure:12167: result: yes
configure:12170: checking whether to build shared libraries
configure:12195: result: yes
configure:12198: checking whether to build static libraries
configure:12202: result: yes
configure:12247: checking for arm-linux-gnueabi-gcc
configure:12274: result: arm-linux-gnueabi-gcc
configure:12543: checking for C compiler version
configure:12552: arm-linux-gnueabi-gcc --version >&5
arm-linux-gnueabi-gcc (Linaro GCC 5.3-2016.05) 5.3.1 20160412
Copyright (C) 2015 Free Software Foundation, Inc.
This is free software; see the source for copying conditions.  There is NO
warranty; not even for MERCHANTABILITY or FITNESS FOR A PARTICULAR PURPOSE.

configure:12563: $? = 0
configure:12552: arm-linux-gnueabi-gcc -v >&5
Using built-in specs.
COLLECT_GCC=arm-linux-gnueabi-gcc
COLLECT_LTO_WRAPPER=/arm-toolchain/ext-toolchain/bin/../libexec/gcc/arm-linux-gnueabi/5.3.1/lto-wrapper
Target: arm-linux-gnueabi
Configured with: /home/tcwg-buildslave/workspace/tcwg-make-release/label/docker-trusty-amd64-tcwg/target/arm-linux-gnueabi/snapshots/gcc-linaro-5.3-2016.05/configure SHELL=/bin/bash --with-mpc=/home/tcwg-buildslave/workspace/tcwg-make-release/label/docker-trusty-amd64-tcwg/target/arm-linux-gnueabi/_build/builds/destdir/x86_64-unknown-linux-gnu --with-mpfr=/home/tcwg-buildslave/workspace/tcwg-make-release/label/docker-trusty-amd64-tcwg/target/arm-linux-gnueabi/_build/builds/destdir/x86_64-unknown-linux-gnu --with-gmp=/home/tcwg-buildslave/workspace/tcwg-make-release/label/docker-trusty-amd64-tcwg/target/arm-linux-gnueabi/_build/builds/destdir/x86_64-unknown-linux-gnu --with-gnu-as --with-gnu-ld --disable-libstdcxx-pch --disable-libmudflap --with-cloog=no --with-ppl=no --with-isl=no --disable-nls --enable-c99 --with-tune=cortex-a9 --with-arch=armv7-a --with-fpu=vfpv3-d16 --with-float=softfp --with-mode=thumb --disable-multilib --enable-multiarch --with-build-sysroot=/home/tcwg-buildslave/workspace/tcwg-make-release/label/docker-trusty-amd64-tcwg/target/arm-linux-gnueabi/_build/sysroots/arm-linux-gnueabi --enable-lto --enable-linker-build-id --enable-long-long --enable-shared --with-sysroot=/home/tcwg-buildslave/workspace/tcwg-make-release/label/docker-trusty-amd64-tcwg/target/arm-linux-gnueabi/_build/builds/destdir/x86_64-unknown-linux-gnu/arm-linux-gnueabi/libc --enable-languages=c,c++,fortran,lto --enable-checking=release --disable-bootstrap --build=x86_64-unknown-linux-gnu --host=x86_64-unknown-linux-gnu --target=arm-linux-gnueabi --prefix=/home/tcwg-buildslave/workspace/tcwg-make-release/label/docker-trusty-amd64-tcwg/target/arm-linux-gnueabi/_build/builds/destdir/x86_64-unknown-linux-gnu
Thread model: posix
gcc version 5.3.1 20160412 (Linaro GCC 5.3-2016.05) 
configure:12563: $? = 0
configure:12552: arm-linux-gnueabi-gcc -V >&5
arm-linux-gnueabi-gcc: error: unrecognized command line option '-V'
arm-linux-gnueabi-gcc: fatal error: no input files
compilation terminated.
configure:12563: $? = 1
configure:12552: arm-linux-gnueabi-gcc -qversion >&5
arm-linux-gnueabi-gcc: error: unrecognized command line option '-qversion'
arm-linux-gnueabi-gcc: fatal error: no input files
compilation terminated.
configure:12563: $? = 1
configure:12567: checking whether we are using the GNU C compiler
configure:12595: result: yes
configure:12604: checking whether arm-linux-gnueabi-gcc accepts -g
configure:12665: result: yes
configure:12682: checking for arm-linux-gnueabi-gcc option to accept ISO C89
configure:12758: result: none needed
configure:12783: checking whether arm-linux-gnueabi-gcc understands -c and -o together
configure:12820: result: yes
configure:12839: checking dependency style of arm-linux-gnueabi-gcc
configure:12950: result: gcc3
configure:12979: checking for arm-linux-gnueabi-g++
configure:12995: found /arm-toolchain/ext-toolchain/bin/arm-linux-gnueabi-g++
configure:13006: result: arm-linux-gnueabi-g++
configure:13077: checking for C++ compiler version
configure:13086: arm-linux-gnueabi-g++ --version >&5
arm-linux-gnueabi-g++ (Linaro GCC 5.3-2016.05) 5.3.1 20160412
Copyright (C) 2015 Free Software Foundation, Inc.
This is free software; see the source for copying conditions.  There is NO
warranty; not even for MERCHANTABILITY or FITNESS FOR A PARTICULAR PURPOSE.

configure:13097: $? = 0
configure:13086: arm-linux-gnueabi-g++ -v >&5
Using built-in specs.
COLLECT_GCC=arm-linux-gnueabi-g++
COLLECT_LTO_WRAPPER=/arm-toolchain/ext-toolchain/bin/../libexec/gcc/arm-linux-gnueabi/5.3.1/lto-wrapper
Target: arm-linux-gnueabi
Configured with: /home/tcwg-buildslave/workspace/tcwg-make-release/label/docker-trusty-amd64-tcwg/target/arm-linux-gnueabi/snapshots/gcc-linaro-5.3-2016.05/configure SHELL=/bin/bash --with-mpc=/home/tcwg-buildslave/workspace/tcwg-make-release/label/docker-trusty-amd64-tcwg/target/arm-linux-gnueabi/_build/builds/destdir/x86_64-unknown-linux-gnu --with-mpfr=/home/tcwg-buildslave/workspace/tcwg-make-release/label/docker-trusty-amd64-tcwg/target/arm-linux-gnueabi/_build/builds/destdir/x86_64-unknown-linux-gnu --with-gmp=/home/tcwg-buildslave/workspace/tcwg-make-release/label/docker-trusty-amd64-tcwg/target/arm-linux-gnueabi/_build/builds/destdir/x86_64-unknown-linux-gnu --with-gnu-as --with-gnu-ld --disable-libstdcxx-pch --disable-libmudflap --with-cloog=no --with-ppl=no --with-isl=no --disable-nls --enable-c99 --with-tune=cortex-a9 --with-arch=armv7-a --with-fpu=vfpv3-d16 --with-float=softfp --with-mode=thumb --disable-multilib --enable-multiarch --with-build-sysroot=/home/tcwg-buildslave/workspace/tcwg-make-release/label/docker-trusty-amd64-tcwg/target/arm-linux-gnueabi/_build/sysroots/arm-linux-gnueabi --enable-lto --enable-linker-build-id --enable-long-long --enable-shared --with-sysroot=/home/tcwg-buildslave/workspace/tcwg-make-release/label/docker-trusty-amd64-tcwg/target/arm-linux-gnueabi/_build/builds/destdir/x86_64-unknown-linux-gnu/arm-linux-gnueabi/libc --enable-languages=c,c++,fortran,lto --enable-checking=release --disable-bootstrap --build=x86_64-unknown-linux-gnu --host=x86_64-unknown-linux-gnu --target=arm-linux-gnueabi --prefix=/home/tcwg-buildslave/workspace/tcwg-make-release/label/docker-trusty-amd64-tcwg/target/arm-linux-gnueabi/_build/builds/destdir/x86_64-unknown-linux-gnu
Thread model: posix
gcc version 5.3.1 20160412 (Linaro GCC 5.3-2016.05) 
configure:13097: $? = 0
configure:13086: arm-linux-gnueabi-g++ -V >&5
arm-linux-gnueabi-g++: error: unrecognized command line option '-V'
arm-linux-gnueabi-g++: fatal error: no input files
compilation terminated.
configure:13097: $? = 1
configure:13086: arm-linux-gnueabi-g++ -qversion >&5
arm-linux-gnueabi-g++: error: unrecognized command line option '-qversion'
arm-linux-gnueabi-g++: fatal error: no input files
compilation terminated.
configure:13097: $? = 1
configure:13101: checking whether we are using the GNU C++ compiler
configure:13120: arm-linux-gnueabi-g++ -c -O2  conftest.cpp >&5
configure:13120: $? = 0
configure:13129: result: yes
configure:13138: checking whether arm-linux-gnueabi-g++ accepts -g
configure:13158: arm-linux-gnueabi-g++ -c -g  conftest.cpp >&5
configure:13158: $? = 0
configure:13199: result: yes
configure:13224: checking dependency style of arm-linux-gnueabi-g++
configure:13335: result: gcc3
configure:13368: checking how to run the C++ preprocessor
configure:13395: arm-linux-gnueabi-g++ -E  conftest.cpp
configure:13395: $? = 0
configure:13409: arm-linux-gnueabi-g++ -E  conftest.cpp
conftest.cpp:23:28: fatal error: ac_nonexistent.h: No such file or directory
compilation terminated.
configure:13409: $? = 1
configure: failed program was:
| /* confdefs.h */
| #define PACKAGE_NAME "CODEC"
| #define PACKAGE_TARNAME "codec"
| #define PACKAGE_VERSION "1.0.0"
| #define PACKAGE_STRING "CODEC 1.0.0"
| #define PACKAGE_BUGREPORT "liuzhengzhong@d-power.com.cn"
| #define PACKAGE_URL ""
| #define PACKAGE "codec"
| #define VERSION "1.0.0"
| #define STDC_HEADERS 1
| #define HAVE_SYS_TYPES_H 1
| #define HAVE_SYS_STAT_H 1
| #define HAVE_STDLIB_H 1
| #define HAVE_STRING_H 1
| #define HAVE_MEMORY_H 1
| #define HAVE_STRINGS_H 1
| #define HAVE_INTTYPES_H 1
| #define HAVE_STDINT_H 1
| #define HAVE_UNISTD_H 1
| #define HAVE_DLFCN_H 1
| #define LT_OBJDIR ".libs/"
| /* end confdefs.h.  */
| #include <ac_nonexistent.h>
configure:13434: result: arm-linux-gnueabi-g++ -E
configure:13454: arm-linux-gnueabi-g++ -E  conftest.cpp
configure:13454: $? = 0
configure:13468: arm-linux-gnueabi-g++ -E  conftest.cpp
conftest.cpp:23:28: fatal error: ac_nonexistent.h: No such file or directory
compilation terminated.
configure:13468: $? = 1
configure: failed program was:
| /* confdefs.h */
| #define PACKAGE_NAME "CODEC"
| #define PACKAGE_TARNAME "codec"
| #define PACKAGE_VERSION "1.0.0"
| #define PACKAGE_STRING "CODEC 1.0.0"
| #define PACKAGE_BUGREPORT "liuzhengzhong@d-power.com.cn"
| #define PACKAGE_URL ""
| #define PACKAGE "codec"
| #define VERSION "1.0.0"
| #define STDC_HEADERS 1
| #define HAVE_SYS_TYPES_H 1
| #define HAVE_SYS_STAT_H 1
| #define HAVE_STDLIB_H 1
| #define HAVE_STRING_H 1
| #define HAVE_MEMORY_H 1
| #define HAVE_STRINGS_H 1
| #define HAVE_INTTYPES_H 1
| #define HAVE_STDINT_H 1
| #define HAVE_UNISTD_H 1
| #define HAVE_DLFCN_H 1
| #define LT_OBJDIR ".libs/"
| /* end confdefs.h.  */
| #include <ac_nonexistent.h>
configure:13630: checking for ld used by arm-linux-gnueabi-g++
configure:13697: result: /arm-toolchain/ext-toolchain/arm-linux-gnueabi/bin/ld
configure:13704: checking if the linker (/arm-toolchain/ext-toolchain/arm-linux-gnueabi/bin/ld) is GNU ld
configure:13719: result: yes
configure:13774: checking whether the arm-linux-gnueabi-g++ linker (/arm-toolchain/ext-toolchain/arm-linux-gnueabi/bin/ld) supports shared libraries
configure:14847: result: yes
configure:14883: arm-linux-gnueabi-g++ -c -O2  conftest.cpp >&5
configure:14886: $? = 0
configure:15367: checking for arm-linux-gnueabi-g++ option to produce PIC
configure:15374: result: -fPIC -DPIC
configure:15382: checking if arm-linux-gnueabi-g++ PIC flag -fPIC -DPIC works
configure:15400: arm-linux-gnueabi-g++ -c -O2  -fPIC -DPIC -DPIC conftest.cpp >&5
configure:15404: $? = 0
configure:15417: result: yes
configure:15440: checking if arm-linux-gnueabi-g++ static flag -static works
configure:15468: result: yes
configure:15480: checking if arm-linux-gnueabi-g++ supports -c -o file.o
configure:15501: arm-linux-gnueabi-g++ -c -O2  -o out/conftest2.o conftest.cpp >&5
configure:15505: $? = 0
configure:15527: result: yes
configure:15532: checking if arm-linux-gnueabi-g++ supports -c -o file.o
configure:15579: result: yes
configure:15609: checking whether the arm-linux-gnueabi-g++ linker (/arm-toolchain/ext-toolchain/arm-linux-gnueabi/bin/ld) supports shared libraries
configure:15652: result: yes
configure:15793: checking dynamic linker characteristics
configure:16550: result: GNU/Linux ld.so
configure:16615: checking how to hardcode library paths into programs
configure:16640: result: immediate
configure:16683: checking for arm-linux-gnueabi-ranlib
configure:16710: result: arm-linux-gnueabi-ranlib
configure:16773: checking whether ln -s works
configure:16777: result: yes
configure:16784: checking whether make sets $(MAKE)
configure:16806: result: yes
configure:16816: checking for ANSI C header files
configure:16920: result: yes
configure:16931: checking for dirent.h that defines DIR
configure:16950: arm-linux-gnueabi-gcc -c -O2  conftest.c >&5
configure:16950: $? = 0
configure:16958: result: yes
configure:16971: checking for library containing opendir
configure:17002: arm-linux-gnueabi-gcc -o conftest -O2  -L/mnt/d/LinuxProject/CODEC/third_party/lib conftest.c -lpthread >&5
configure:17002: $? = 0
configure:17019: result: none required
configure:17089: checking for sys/types.h
configure:17089: result: yes
configure:17089: checking sys/time.h usability
configure:17089: arm-linux-gnueabi-gcc -c -O2  conftest.c >&5
configure:17089: $? = 0
configure:17089: result: yes
configure:17089: checking sys/time.h presence
configure:17089: arm-linux-gnueabi-gcc -E  conftest.c
configure:17089: $? = 0
configure:17089: result: yes
configure:17089: checking for sys/time.h
configure:17089: result: yes
configure:17100: checking whether strlen is declared
configure:17100: arm-linux-gnueabi-gcc -c -O2  conftest.c >&5
configure:17100: $? = 0
configure:17100: result: yes
configure:17110: checking whether strdup is declared
configure:17110: arm-linux-gnueabi-gcc -c -O2  conftest.c >&5
configure:17110: $? = 0
configure:17110: result: yes
configure:17122: checking for an ANSI C-conforming const
configure:17188: arm-linux-gnueabi-gcc -c -O2  conftest.c >&5
configure:17188: $? = 0
configure:17195: result: yes
configure:17203: checking for inline
configure:17219: arm-linux-gnueabi-gcc -c -O2  conftest.c >&5
configure:17219: $? = 0
configure:17227: result: inline
configure:17245: checking for size_t
configure:17245: arm-linux-gnueabi-gcc -c -O2  conftest.c >&5
configure:17245: $? = 0
configure:17245: arm-linux-gnueabi-gcc -c -O2  conftest.c >&5
conftest.c: In function 'main':
conftest.c:65:21: error: expected expression before ')' token
 if (sizeof ((size_t)))
                     ^
configure:17245: $? = 1
configure: failed program was:
| /* confdefs.h */
| #define PACKAGE_NAME "CODEC"
| #define PACKAGE_TARNAME "codec"
| #define PACKAGE_VERSION "1.0.0"
| #define PACKAGE_STRING "CODEC 1.0.0"
| #define PACKAGE_BUGREPORT "liuzhengzhong@d-power.com.cn"
| #define PACKAGE_URL ""
| #define PACKAGE "codec"
| #define VERSION "1.0.0"
| #define STDC_HEADERS 1
| #define HAVE_SYS_TYPES_H 1
| #define HAVE_SYS_STAT_H 1
| #define HAVE_STDLIB_H 1
| #define HAVE_STRING_H 1
| #define HAVE_MEMORY_H 1
| #define HAVE_STRINGS_H 1
| #define HAVE_INTTYPES_H 1
| #define HAVE_STDINT_H 1
| #define HAVE_UNISTD_H 1
| #define HAVE_DLFCN_H 1
| #define LT_OBJDIR ".libs/"
| #define STDC_HEADERS 1
| #define HAVE_DIRENT_H 1
| #define HAVE_SYS_TYPES_H 1
| #define HAVE_SYS_TIME_H 1
| #define HAVE_DECL_STRLEN 1
| #define HAVE_DECL_STRDUP 1
| /* end confdefs.h.  */
| #include <stdio.h>
| #ifdef HAVE_SYS_TYPES_H
| # include <sys/types.h>
| #endif
| #ifdef HAVE_SYS_STAT_H
| # include <sys/stat.h>
| #endif
| #ifdef STDC_HEADERS
| # include <stdlib.h>
| # include <stddef.h>
| #else
| # ifdef HAVE_STDLIB_H
| #  include <stdlib.h>
| # endif
| #endif
| #ifdef HAVE_STRING_H
| # if !defined STDC_HEADERS && defined HAVE_MEMORY_H
| #  include <memory.h>
| # endif
| # include <string.h>
| #endif
| #ifdef HAVE_STRINGS_H
| # include <strings.h>
| #endif
| #ifdef HAVE_INTTYPES_H
| # include <inttypes.h>
| #endif
| #ifdef HAVE_STDINT_H
| # include <stdint.h>
| #endif
| #ifdef HAVE_UNISTD_H
| # include <unistd.h>
| #endif
| int
| main ()
| {
| if (sizeof ((size_t)))
| 	    return 0;
|   ;
|   return 0;
| }
configure:17245: result: yes
configure:17256: checking whether time.h and sys/time.h may both be included
configure:17276: arm-linux-gnueabi-gcc -c -O2  conftest.c >&5
configure:17276: $? = 0
configure:17283: result: yes
configure:17291: checking whether struct tm is in sys/time.h or time.h
configure:17311: arm-linux-gnueabi-gcc -c -O2  conftest.c >&5
configure:17311: $? = 0
configure:17318: result: time.h
configure:17329: checking for working alloca.h
configure:17346: arm-linux-gnueabi-gcc -o conftest -O2  -L/mnt/d/LinuxProject/CODEC/third_party/lib conftest.c -lpthread >&5
configure:17346: $? = 0
configure:17354: result: yes
configure:17362: checking for alloca
configure:17399: arm-linux-gnueabi-gcc -o conftest -O2  -L/mnt/d/LinuxProject/CODEC/third_party/lib conftest.c -lpthread >&5
configure:17399: $? = 0
configure:17407: result: yes
configure:17513: checking for working memcmp
configure:17566: result: no
configure:17581: checking for stdlib.h
configure:17581: result: yes
configure:17581: checking for unistd.h
configure:17581: result: yes
configure:17581: checking for sys/param.h
configure:17581: arm-linux-gnueabi-gcc -c -O2  conftest.c >&5
configure:17581: $? = 0
configure:17581: result: yes
configure:17601: checking for getpagesize
configure:17601: arm-linux-gnueabi-gcc -o conftest -O2  -L/mnt/d/LinuxProject/CODEC/third_party/lib conftest.c -lpthread >&5
configure:17601: $? = 0
configure:17601: result: yes
configure:17610: checking for working mmap
configure:17767: result: no
configure:17778: checking for vprintf
configure:17778: arm-linux-gnueabi-gcc -o conftest -O2  -L/mnt/d/LinuxProject/CODEC/third_party/lib conftest.c -lpthread >&5
conftest.c:59:6: warning: conflicting types for built-in function 'vprintf'
 char vprintf ();
      ^
configure:17778: $? = 0
configure:17778: result: yes
configure:17784: checking for _doprnt
configure:17784: arm-linux-gnueabi-gcc -o conftest -O2  -L/mnt/d/LinuxProject/CODEC/third_party/lib conftest.c -lpthread >&5
/tmp/cc8DWnRc.o: In function `main':
conftest.c:(.text.startup+0x2): undefined reference to `_doprnt'
collect2: error: ld returned 1 exit status
configure:17784: $? = 1
configure: failed program was:
| /* confdefs.h */
| #define PACKAGE_NAME "CODEC"
| #define PACKAGE_TARNAME "codec"
| #define PACKAGE_VERSION "1.0.0"
| #define PACKAGE_STRING "CODEC 1.0.0"
| #define PACKAGE_BUGREPORT "liuzhengzhong@d-power.com.cn"
| #define PACKAGE_URL ""
| #define PACKAGE "codec"
| #define VERSION "1.0.0"
| #define STDC_HEADERS 1
| #define HAVE_SYS_TYPES_H 1
| #define HAVE_SYS_STAT_H 1
| #define HAVE_STDLIB_H 1
| #define HAVE_STRING_H 1
| #define HAVE_MEMORY_H 1
| #define HAVE_STRINGS_H 1
| #define HAVE_INTTYPES_H 1
| #define HAVE_STDINT_H 1
| #define HAVE_UNISTD_H 1
| #define HAVE_DLFCN_H 1
| #define LT_OBJDIR ".libs/"
| #define STDC_HEADERS 1
| #define HAVE_DIRENT_H 1
| #define HAVE_SYS_TYPES_H 1
| #define HAVE_SYS_TIME_H 1
| #define HAVE_DECL_STRLEN 1
| #define HAVE_DECL_STRDUP 1
| #define TIME_WITH_SYS_TIME 1
| #define HAVE_ALLOCA_H 1
| #define HAVE_ALLOCA 1
| #define HAVE_STDLIB_H 1
| #define HAVE_UNISTD_H 1
| #define HAVE_SYS_PARAM_H 1
| #define HAVE_GETPAGESIZE 1
| #define HAVE_VPRINTF 1
| /* end confdefs.h.  */
| /* Define _doprnt to an innocuous variant, in case <limits.h> declares _doprnt.
|    For example, HP-UX 11i <limits.h> declares gettimeofday.  */
| #define _doprnt innocuous__doprnt
| 
| /* System header to define __stub macros and hopefully few prototypes,
|     which can conflict with char _doprnt (); below.
|     Prefer <limits.h> to <assert.h> if __STDC__ is defined, since
|     <limits.h> exists even on freestanding compilers.  */
| 
| #ifdef __STDC__
| # include <limits.h>
| #else
| # include <assert.h>
| #endif
| 
| #undef _doprnt
| 
| /* Override any GCC internal prototype to avoid an error.
|    Use char because int might match the return type of a GCC
|    builtin and then its argument prototype would still apply.  */
| #ifdef __cplusplus
| extern "C"
| #endif
| char _doprnt ();
| /* The GNU C library defines this for functions which it implements
|     to always fail with ENOSYS.  Some functions are actually named
|     something starting with __ and the normal name is an alias.  */
| #if defined __stub__doprnt || defined __stub____doprnt
| choke me
| #endif
| 
| int
| main ()
| {
| return _doprnt ();
|   ;
|   return 0;
| }
configure:17784: result: no
configure:17798: checking for time
configure:17798: arm-linux-gnueabi-gcc -o conftest -O2  -L/mnt/d/LinuxProject/CODEC/third_party/lib conftest.c -lpthread >&5
configure:17798: $? = 0
configure:17798: result: yes
configure:17798: checking for localtime
configure:17798: arm-linux-gnueabi-gcc -o conftest -O2  -L/mnt/d/LinuxProject/CODEC/third_party/lib conftest.c -lpthread >&5
configure:17798: $? = 0
configure:17798: result: yes
configure:17798: checking for memset
configure:17798: arm-linux-gnueabi-gcc -o conftest -O2  -L/mnt/d/LinuxProject/CODEC/third_party/lib conftest.c -lpthread >&5
conftest.c:62:6: warning: conflicting types for built-in function 'memset'
 char memset ();
      ^
configure:17798: $? = 0
configure:17798: result: yes
configure:17798: checking for munmap
configure:17798: arm-linux-gnueabi-gcc -o conftest -O2  -L/mnt/d/LinuxProject/CODEC/third_party/lib conftest.c -lpthread >&5
configure:17798: $? = 0
configure:17798: result: yes
configure:17919: checking that generated files are newer than configure
configure:17925: result: done
configure:17956: creating ./config.status

## ---------------------- ##
## Running config.status. ##
## ---------------------- ##

This file was extended by CODEC config.status 1.0.0, which was
generated by GNU Autoconf 2.69.  Invocation command line was

  CONFIG_FILES    = 
  CONFIG_HEADERS  = 
  CONFIG_LINKS    = 
  CONFIG_COMMANDS = 
  $ ./config.status 

on DESKTOP-D4721LU

config.status:1172: creating Makefile
config.status:1172: creating src/Makefile
config.status:1172: creating test/Makefile
config.status:1172: creating include/config.h
config.status:1401: executing depfiles commands
config.status:1401: executing libtool commands

## ---------------- ##
## Cache variables. ##
## ---------------- ##

ac_cv_build=x86_64-pc-linux-gnu
ac_cv_c_compiler_gnu=yes
ac_cv_c_const=yes
ac_cv_c_inline=inline
ac_cv_cxx_compiler_gnu=yes
ac_cv_env_CCC_set=
ac_cv_env_CCC_value=
ac_cv_env_CC_set=
ac_cv_env_CC_value=
ac_cv_env_CFLAGS_set=set
ac_cv_env_CFLAGS_value=-O2
ac_cv_env_CPPFLAGS_set=
ac_cv_env_CPPFLAGS_value=
ac_cv_env_CPP_set=
ac_cv_env_CPP_value=
ac_cv_env_CXXCPP_set=
ac_cv_env_CXXCPP_value=
ac_cv_env_CXXFLAGS_set=set
ac_cv_env_CXXFLAGS_value=-O2
ac_cv_env_CXX_set=
ac_cv_env_CXX_value=
ac_cv_env_LDFLAGS_set=set
ac_cv_env_LDFLAGS_value=-L/mnt/d/LinuxProject/CODEC/third_party/lib
ac_cv_env_LIBS_set=set
ac_cv_env_LIBS_value=-lpthread
ac_cv_env_LT_SYS_LIBRARY_PATH_set=
ac_cv_env_LT_SYS_LIBRARY_PATH_value=
ac_cv_env_build_alias_set=
ac_cv_env_build_alias_value=
ac_cv_env_host_alias_set=set
ac_cv_env_host_alias_value=arm-linux-gnueabi
ac_cv_env_target_alias_set=
ac_cv_env_target_alias_value=
ac_cv_func__doprnt=no
ac_cv_func_alloca_works=yes
ac_cv_func_getpagesize=yes
ac_cv_func_localtime=yes
ac_cv_func_memcmp_working=no
ac_cv_func_memset=yes
ac_cv_func_mmap_fixed_mapped=no
ac_cv_func_munmap=yes
ac_cv_func_time=yes
ac_cv_func_vprintf=yes
ac_cv_have_decl_strdup=yes
ac_cv_have_decl_strlen=yes
ac_cv_header_dirent_dirent_h=yes
ac_cv_header_dlfcn_h=yes
ac_cv_header_inttypes_h=yes
ac_cv_header_memory_h=yes
ac_cv_header_stdc=yes
ac_cv_header_stdint_h=yes
ac_cv_header_stdlib_h=yes
ac_cv_header_string_h=yes
ac_cv_header_strings_h=yes
ac_cv_header_sys_param_h=yes
ac_cv_header_sys_stat_h=yes
ac_cv_header_sys_time_h=yes
ac_cv_header_sys_types_h=yes
ac_cv_header_time=yes
ac_cv_header_unistd_h=yes
ac_cv_host=arm-unknown-linux-gnueabi
ac_cv_objext=o
ac_cv_path_EGREP='/bin/grep -E'
ac_cv_path_FGREP='/bin/grep -F'
ac_cv_path_GREP=/bin/grep
ac_cv_path_SED=/bin/sed
ac_cv_path_install='/usr/bin/install -c'
ac_cv_path_lt_DD=/bin/dd
ac_cv_path_mkdir=/bin/mkdir
ac_cv_prog_AR=arm-linux-gnueabi-ar
ac_cv_prog_AWK=gawk
ac_cv_prog_CC=arm-linux-gnueabi-gcc
ac_cv_prog_CPP='arm-linux-gnueabi-gcc -E'
ac_cv_prog_CXX=arm-linux-gnueabi-g++
ac_cv_prog_CXXCPP='arm-linux-gnueabi-g++ -E'
ac_cv_prog_OBJDUMP=arm-linux-gnueabi-objdump
ac_cv_prog_RANLIB=arm-linux-gnueabi-ranlib
ac_cv_prog_STRIP=arm-linux-gnueabi-strip
ac_cv_prog_ac_ct_MANIFEST_TOOL=mt
ac_cv_prog_cc_c89=
ac_cv_prog_cc_g=yes
ac_cv_prog_cxx_g=yes
ac_cv_prog_make_make_set=yes
ac_cv_search_opendir='none required'
ac_cv_struct_tm=time.h
ac_cv_target=arm-unknown-linux-gnueabi
ac_cv_type_size_t=yes
ac_cv_working_alloca_h=yes
am_cv_CC_dependencies_compiler_type=gcc3
am_cv_CXX_dependencies_compiler_type=gcc3
am_cv_make_support_nested_variables=yes
am_cv_prog_cc_c_o=yes
lt_cv_ar_at_file=@
lt_cv_archive_cmds_need_lc=no
lt_cv_deplibs_check_method=pass_all
lt_cv_file_magic_cmd='$MAGIC_CMD'
lt_cv_file_magic_test_file=
lt_cv_ld_reload_flag=-r
lt_cv_nm_interface='BSD nm'
lt_cv_objdir=.libs
lt_cv_path_LD=/arm-toolchain/ext-toolchain/arm-linux-gnueabi/bin/ld
lt_cv_path_LDCXX=/arm-toolchain/ext-toolchain/arm-linux-gnueabi/bin/ld
lt_cv_path_NM='/arm-toolchain/ext-toolchain/bin/arm-linux-gnueabi-nm -B'
lt_cv_path_mainfest_tool=no
lt_cv_prog_compiler_c_o=yes
lt_cv_prog_compiler_c_o_CXX=yes
lt_cv_prog_compiler_pic='-fPIC -DPIC'
lt_cv_prog_compiler_pic_CXX='-fPIC -DPIC'
lt_cv_prog_compiler_pic_works=yes
lt_cv_prog_compiler_pic_works_CXX=yes
lt_cv_prog_compiler_rtti_exceptions=no
lt_cv_prog_compiler_static_works=yes
lt_cv_prog_compiler_static_works_CXX=yes
lt_cv_prog_gnu_ld=yes
lt_cv_prog_gnu_ldcxx=yes
lt_cv_sharedlib_from_linklib_cmd='printf %s\n'
lt_cv_shlibpath_overrides_runpath=no
lt_cv_sys_global_symbol_pipe='sed -n -e '\''s/^.*[	 ]\([ABCDGIRSTW][ABCDGIRSTW]*\)[	 ][	 ]*\([_A-Za-z][_A-Za-z0-9]*\)$/\1 \2 \2/p'\'' | sed '\''/ __gnu_lto/d'\'''
lt_cv_sys_global_symbol_to_c_name_address='sed -n -e '\''s/^: \(.*\) .*$/  {"\1", (void *) 0},/p'\'' -e '\''s/^[ABCDGIRSTW][ABCDGIRSTW]* .* \(.*\)$/  {"\1", (void *) \&\1},/p'\'''
lt_cv_sys_global_symbol_to_c_name_address_lib_prefix='sed -n -e '\''s/^: \(.*\) .*$/  {"\1", (void *) 0},/p'\'' -e '\''s/^[ABCDGIRSTW][ABCDGIRSTW]* .* \(lib.*\)$/  {"\1", (void *) \&\1},/p'\'' -e '\''s/^[ABCDGIRSTW][ABCDGIRSTW]* .* \(.*\)$/  {"lib\1", (void *) \&\1},/p'\'''
lt_cv_sys_global_symbol_to_cdecl='sed -n -e '\''s/^T .* \(.*\)$/extern int \1();/p'\'' -e '\''s/^[ABCDGIRSTW][ABCDGIRSTW]* .* \(.*\)$/extern char \1;/p'\'''
lt_cv_sys_global_symbol_to_import=
lt_cv_sys_max_cmd_len=1572864
lt_cv_to_host_file_cmd=func_convert_file_noop
lt_cv_to_tool_file_cmd=func_convert_file_noop
lt_cv_truncate_bin='/bin/dd bs=4096 count=1'

## ----------------- ##
## Output variables. ##
## ----------------- ##

ACLOCAL='${SHELL} /mnt/d/LinuxProject/CODEC/missing aclocal-1.15'
ALLOCA=''
AMDEPBACKSLASH='\'
AMDEP_FALSE='#'
AMDEP_TRUE=''
AMTAR='$${TAR-tar}'
AM_BACKSLASH='\'
AM_DEFAULT_V='$(AM_DEFAULT_VERBOSITY)'
AM_DEFAULT_VERBOSITY='1'
AM_V='$(V)'
AR='arm-linux-gnueabi-ar'
AUTOCONF='${SHELL} /mnt/d/LinuxProject/CODEC/missing autoconf'
AUTOHEADER='${SHELL} /mnt/d/LinuxProject/CODEC/missing autoheader'
AUTOMAKE='${SHELL} /mnt/d/LinuxProject/CODEC/missing automake-1.15'
AWK='gawk'
CC='arm-linux-gnueabi-gcc'
CCDEPMODE='depmode=gcc3'
CFLAGS='-O2'
CODEC_VERSION='1.0.0'
CPP='arm-linux-gnueabi-gcc -E'
CPPFLAGS=''
CXX='arm-linux-gnueabi-g++'
CXXCPP='arm-linux-gnueabi-g++ -E'
CXXDEPMODE='depmode=gcc3'
CXXFLAGS='-O2'
CYGPATH_W='echo'
DEFS='-DHAVE_CONFIG_H'
DEPDIR='.deps'
DLLTOOL='false'
DSYMUTIL=''
DUMPBIN=''
ECHO_C=''
ECHO_N='-n'
ECHO_T=''
EGREP='/bin/grep -E'
EXEEXT=''
FGREP='/bin/grep -F'
GREP='/bin/grep'
INSTALL_DATA='${INSTALL} -m 644'
INSTALL_PROGRAM='${INSTALL}'
INSTALL_SCRIPT='${INSTALL}'
INSTALL_STRIP_PROGRAM='$(install_sh) -c -s'
LD='/arm-toolchain/ext-toolchain/arm-linux-gnueabi/bin/ld'
LDFLAGS='-L/mnt/d/LinuxProject/CODEC/third_party/lib'
LIBOBJS=' ${LIBOBJDIR}memcmp$U.o'
LIBS='-lpthread'
LIBTOOL='$(SHELL) $(top_builddir)/libtool'
LIPO=''
LN_S='ln -s'
LTLIBOBJS=' ${LIBOBJDIR}memcmp$U.lo'
LT_SYS_LIBRARY_PATH=''
MAKEINFO='${SHELL} /mnt/d/LinuxProject/CODEC/missing makeinfo'
MANIFEST_TOOL=':'
MKDIR_P='/bin/mkdir -p'
NM='/arm-toolchain/ext-toolchain/bin/arm-linux-gnueabi-nm -B'
NMEDIT=''
OBJDUMP='arm-linux-gnueabi-objdump'
OBJEXT='o'
OTOOL64=''
OTOOL=''
PACKAGE='codec'
PACKAGE_BUGREPORT='liuzhengzhong@d-power.com.cn'
PACKAGE_NAME='CODEC'
PACKAGE_STRING='CODEC 1.0.0'
PACKAGE_TARNAME='codec'
PACKAGE_URL=''
PACKAGE_VERSION='1.0.0'
PATH_SEPARATOR=':'
RANLIB='arm-linux-gnueabi-ranlib'
SED='/bin/sed'
SET_MAKE=''
SHELL='/bin/bash'
STRIP='arm-linux-gnueabi-strip'
VERSION='1.0.0'
ac_ct_AR=''
ac_ct_CC=''
ac_ct_CXX=''
ac_ct_DUMPBIN=''
am__EXEEXT_FALSE=''
am__EXEEXT_TRUE='#'
am__fastdepCC_FALSE='#'
am__fastdepCC_TRUE=''
am__fastdepCXX_FALSE='#'
am__fastdepCXX_TRUE=''
am__include='include'
am__isrc=''
am__leading_dot='.'
am__nodep='_no'
am__quote=''
am__tar='$${TAR-tar} chof - "$$tardir"'
am__untar='$${TAR-tar} xf -'
bindir='${exec_prefix}/bin'
build='x86_64-pc-linux-gnu'
build_alias=''
build_cpu='x86_64'
build_os='linux-gnu'
build_vendor='pc'
datadir='${datarootdir}'
datarootdir='${prefix}/share'
docdir='${datarootdir}/doc/${PACKAGE_TARNAME}'
dvidir='${docdir}'
exec_prefix='${prefix}'
host='arm-unknown-linux-gnueabi'
host_alias='arm-linux-gnueabi'
host_cpu='arm'
host_os='linux-gnueabi'
host_vendor='unknown'
htmldir='${docdir}'
includedir='${prefix}/include'
infodir='${datarootdir}/info'
install_sh='${SHELL} /mnt/d/LinuxProject/CODEC/install-sh'
libdir='${exec_prefix}/lib'
libexecdir='${exec_prefix}/libexec'
localedir='${datarootdir}/locale'
localstatedir='${prefix}/var'
mandir='${datarootdir}/man'
mkdir_p='$(MKDIR_P)'
oldincludedir='/usr/include'
pdfdir='${docdir}'
prefix='/mnt/d/LinuxProject/CODEC/Release'
program_transform_name='s,x,x,'
psdir='${docdir}'
sbindir='${exec_prefix}/sbin'
sharedstatedir='${prefix}/com'
sysconfdir='${prefix}/etc'
target='arm-unknown-linux-gnueabi'
target_alias=''
target_cpu='arm'
target_os='linux-gnueabi'
target_vendor='unknown'

## ----------- ##
## confdefs.h. ##
## ----------- ##

/* confdefs.h */
#define PACKAGE_NAME "CODEC"
#define PACKAGE_TARNAME "codec"
#define PACKAGE_VERSION "1.0.0"
#define PACKAGE_STRING "CODEC 1.0.0"
#define PACKAGE_BUGREPORT "liuzhengzhong@d-power.com.cn"
#define PACKAGE_URL ""
#define PACKAGE "codec"
#define VERSION "1.0.0"
#define STDC_HEADERS 1
#define HAVE_SYS_TYPES_H 1
#define HAVE_SYS_STAT_H 1
#define HAVE_STDLIB_H 1
#define HAVE_STRING_H 1
#define HAVE_MEMORY_H 1
#define HAVE_STRINGS_H 1
#define HAVE_INTTYPES_H 1
#define HAVE_STDINT_H 1
#define HAVE_UNISTD_H 1
#define HAVE_DLFCN_H 1
#define LT_OBJDIR ".libs/"
#define STDC_HEADERS 1
#define HAVE_DIRENT_H 1
#define HAVE_SYS_TYPES_H 1
#define HAVE_SYS_TIME_H 1
#define HAVE_DECL_STRLEN 1
#define HAVE_DECL_STRDUP 1
#define TIME_WITH_SYS_TIME 1
#define HAVE_ALLOCA_H 1
#define HAVE_ALLOCA 1
#define HAVE_STDLIB_H 1
#define HAVE_UNISTD_H 1
#define HAVE_SYS_PARAM_H 1
#define HAVE_GETPAGESIZE 1
#define HAVE_VPRINTF 1
#define HAVE_TIME 1
#define HAVE_LOCALTIME 1
#define HAVE_MEMSET 1
#define HAVE_MUNMAP 1

configure: exit 0
